#! /c/iverilog/bin/vvp
:ivl_version "0.9.7 " "(v0_9_7)";
:vpi_time_precision - 9;
:vpi_module "system";
:vpi_module "v2005_math";
:vpi_module "va_math";
S_00387FE0 .scope module, "DSM_tb" "DSM_tb" 2 3;
 .timescale -8 -9;
v0038ACE8_0 .var "clk", 0 0;
v0038AD40_0 .var "rst_n", 0 0;
v005A0670_0 .var "signal_in", 0 0;
v005A0618_0 .net "signal_out", 0 0, v0038AC90_0; 1 drivers
S_00387E48 .scope module, "DUT" "debounceSM" 2 9, 3 3, S_00387FE0;
 .timescale -8 -9;
P_0038AF0C .param/l "state_high" 3 21, C4<11>;
P_0038AF20 .param/l "state_low" 3 18, C4<00>;
P_0038AF34 .param/l "state_negedge" 3 20, C4<10>;
P_0038AF48 .param/l "state_posedge" 3 19, C4<01>;
P_0038AF5C .param/l "target_count" 3 16, C4<0100>;
v0038AF78_0 .net *"_s0", 3 0, C4<0000>; 1 drivers
v005A2A58_0 .net *"_s2", 3 0, C4<0001>; 1 drivers
v005A2AB0_0 .net *"_s4", 3 0, L_005A0828; 1 drivers
v005A2B08_0 .net "clk", 0 0, v0038ACE8_0; 1 drivers
v005A1B50_0 .var "count", 3 0;
v005A1BA8_0 .var "current_state", 1 0;
v005A1C00_0 .net "next_count", 3 0, L_005A07D0; 1 drivers
v00382B68_0 .var "next_state", 1 0;
v00382BC0_0 .var "reset_count", 0 0;
v00382C18_0 .net "rst_n", 0 0, v0038AD40_0; 1 drivers
v0038AC38_0 .net "signal_in", 0 0, v005A0670_0; 1 drivers
v0038AC90_0 .var "signal_out", 0 0;
E_0038A800 .event edge, v005A1B50_0, v0038AC38_0, v005A1BA8_0;
E_0038A820/0 .event negedge, v00382C18_0;
E_0038A820/1 .event posedge, v005A2B08_0;
E_0038A820 .event/or E_0038A820/0, E_0038A820/1;
L_005A0828 .arith/sum 4, v005A1B50_0, C4<0001>;
L_005A07D0 .functor MUXZ 4, L_005A0828, C4<0000>, v00382BC0_0, C4<>;
    .scope S_00387E48;
T_0 ;
    %wait E_0038A820;
    %load/v 8, v00382C18_0, 1;
    %inv 8, 1;
    %jmp/0xz  T_0.0, 8;
    %ix/load 0, 2, 0;
    %assign/v0 v005A1BA8_0, 0, 0;
    %ix/load 0, 4, 0;
    %assign/v0 v005A1B50_0, 0, 0;
    %jmp T_0.1;
T_0.0 ;
    %load/v 8, v00382B68_0, 2;
    %ix/load 0, 2, 0;
    %assign/v0 v005A1BA8_0, 0, 8;
    %load/v 8, v005A1C00_0, 4;
    %ix/load 0, 4, 0;
    %assign/v0 v005A1B50_0, 0, 8;
T_0.1 ;
    %jmp T_0;
    .thread T_0;
    .scope S_00387E48;
T_1 ;
    %wait E_0038A800;
    %set/v v00382B68_0, 0, 2;
    %set/v v0038AC90_0, 0, 1;
    %set/v v00382BC0_0, 1, 1;
    %load/v 8, v005A1BA8_0, 2;
    %cmpi/u 8, 0, 2;
    %jmp/1 T_1.0, 6;
    %cmpi/u 8, 1, 2;
    %jmp/1 T_1.1, 6;
    %cmpi/u 8, 3, 2;
    %jmp/1 T_1.2, 6;
    %cmpi/u 8, 2, 2;
    %jmp/1 T_1.3, 6;
    %set/v v00382B68_0, 0, 2;
    %jmp T_1.5;
T_1.0 ;
    %set/v v0038AC90_0, 0, 1;
    %load/v 8, v0038AC38_0, 1;
    %jmp/0xz  T_1.6, 8;
    %set/v v00382BC0_0, 0, 1;
    %movi 8, 1, 2;
    %set/v v00382B68_0, 8, 2;
    %jmp T_1.7;
T_1.6 ;
    %set/v v00382BC0_0, 1, 1;
    %set/v v00382B68_0, 0, 2;
T_1.7 ;
    %jmp T_1.5;
T_1.1 ;
    %set/v v0038AC90_0, 0, 1;
    %load/v 8, v0038AC38_0, 1;
    %jmp/0xz  T_1.8, 8;
    %set/v v00382BC0_0, 0, 1;
    %jmp T_1.9;
T_1.8 ;
    %set/v v00382BC0_0, 1, 1;
T_1.9 ;
    %load/v 8, v005A1B50_0, 4;
    %mov 12, 0, 1;
    %cmpi/u 8, 4, 5;
    %mov 8, 4, 1;
    %load/v 9, v0038AC38_0, 1;
    %and 8, 9, 1;
    %jmp/0xz  T_1.10, 8;
    %set/v v00382B68_0, 1, 2;
    %jmp T_1.11;
T_1.10 ;
    %load/v 8, v0038AC38_0, 1;
    %jmp/0xz  T_1.12, 8;
    %movi 8, 1, 2;
    %set/v v00382B68_0, 8, 2;
    %jmp T_1.13;
T_1.12 ;
    %set/v v00382B68_0, 0, 2;
T_1.13 ;
T_1.11 ;
    %jmp T_1.5;
T_1.2 ;
    %set/v v0038AC90_0, 1, 1;
    %load/v 8, v0038AC38_0, 1;
    %inv 8, 1;
    %jmp/0xz  T_1.14, 8;
    %set/v v00382BC0_0, 0, 1;
    %movi 8, 2, 2;
    %set/v v00382B68_0, 8, 2;
    %jmp T_1.15;
T_1.14 ;
    %set/v v00382BC0_0, 1, 1;
    %set/v v00382B68_0, 1, 2;
T_1.15 ;
    %jmp T_1.5;
T_1.3 ;
    %set/v v0038AC90_0, 1, 1;
    %load/v 8, v0038AC38_0, 1;
    %inv 8, 1;
    %jmp/0xz  T_1.16, 8;
    %set/v v00382BC0_0, 0, 1;
    %jmp T_1.17;
T_1.16 ;
    %set/v v00382BC0_0, 1, 1;
T_1.17 ;
    %load/v 8, v005A1B50_0, 4;
    %mov 12, 0, 1;
    %cmpi/u 8, 4, 5;
    %mov 8, 4, 1;
    %load/v 9, v0038AC38_0, 1;
    %inv 9, 1;
    %and 8, 9, 1;
    %jmp/0xz  T_1.18, 8;
    %set/v v00382B68_0, 0, 2;
    %jmp T_1.19;
T_1.18 ;
    %load/v 8, v0038AC38_0, 1;
    %inv 8, 1;
    %jmp/0xz  T_1.20, 8;
    %movi 8, 2, 2;
    %set/v v00382B68_0, 8, 2;
    %jmp T_1.21;
T_1.20 ;
    %set/v v00382B68_0, 1, 2;
T_1.21 ;
T_1.19 ;
    %jmp T_1.5;
T_1.5 ;
    %jmp T_1;
    .thread T_1, $push;
    .scope S_00387FE0;
T_2 ;
    %set/v v0038ACE8_0, 0, 1;
    %set/v v0038AD40_0, 0, 1;
    %delay 80, 0;
    %set/v v0038AD40_0, 1, 1;
    %end;
    .thread T_2;
    .scope S_00387FE0;
T_3 ;
    %delay 50, 0;
    %load/v 8, v0038ACE8_0, 1;
    %inv 8, 1;
    %set/v v0038ACE8_0, 8, 1;
    %jmp T_3;
    .thread T_3;
    .scope S_00387FE0;
T_4 ;
    %delay 100, 0;
    %set/v v005A0670_0, 0, 1;
    %delay 200, 0;
    %set/v v005A0670_0, 1, 1;
    %delay 100, 0;
    %set/v v005A0670_0, 0, 1;
    %delay 100, 0;
    %set/v v005A0670_0, 1, 1;
    %delay 200, 0;
    %set/v v005A0670_0, 0, 1;
    %delay 100, 0;
    %set/v v005A0670_0, 1, 1;
    %delay 600, 0;
    %delay 2000, 0;
    %vpi_call 2 44 "$finish";
    %end;
    .thread T_4;
    .scope S_00387FE0;
T_5 ;
    %vpi_call 2 48 "$dumpfile", "tb_dump.vcd";
    %vpi_call 2 49 "$dumpvars", 1'sb0, S_00387FE0;
    %end;
    .thread T_5;
# The file index is used to find the file name in the following table.
:file_names 4;
    "N/A";
    "<interactive>";
    "DSM_tb.v";
    "debouceSM.v";
